[0.089s] DEBUG:colcon:Command line arguments: ['/usr/bin/colcon', 'build']
[0.089s] DEBUG:colcon:Parsed command line arguments: Namespace(allow_overriding=[], ament_cmake_args=None, base_paths=['.'], build_base='build', catkin_cmake_args=None, catkin_skip_building_tests=False, cmake_args=None, cmake_clean_cache=False, cmake_clean_first=False, cmake_force_configure=False, cmake_target=None, cmake_target_skip_unavailable=False, continue_on_error=False, event_handlers=None, executor='parallel', ignore_user_meta=False, install_base='install', log_base=None, log_level=None, main=<bound method BuildVerb.main of <colcon_core.verb.build.BuildVerb object at 0x7f7a2a7aa760>>, merge_install=False, metas=['./colcon.meta'], packages_above=None, packages_above_and_dependencies=None, packages_above_depth=None, packages_end=None, packages_ignore=None, packages_ignore_regex=None, packages_select=None, packages_select_build_failed=False, packages_select_by_dep=None, packages_select_regex=None, packages_select_test_failures=False, packages_skip=None, packages_skip_build_finished=False, packages_skip_by_dep=None, packages_skip_regex=None, packages_skip_test_passed=False, packages_skip_up_to=None, packages_start=None, packages_up_to=None, packages_up_to_regex=None, parallel_workers=8, paths=None, symlink_install=False, test_result_base=None, verb_extension=<colcon_core.verb.build.BuildVerb object at 0x7f7a2a7aa760>, verb_name='build', verb_parser=<colcon_defaults.argument_parser.defaults.DefaultArgumentsDecorator object at 0x7f7a2a7aacd0>)
[0.104s] Level 1:colcon.colcon_core.package_discovery:discover_packages(colcon_meta) check parameters
[0.104s] Level 1:colcon.colcon_core.package_discovery:discover_packages(recursive) check parameters
[0.104s] Level 1:colcon.colcon_core.package_discovery:discover_packages(ignore) check parameters
[0.104s] Level 1:colcon.colcon_core.package_discovery:discover_packages(path) check parameters
[0.104s] Level 1:colcon.colcon_core.package_discovery:discover_packages(colcon_meta) discover
[0.104s] Level 1:colcon.colcon_core.package_discovery:discover_packages(recursive) discover
[0.104s] INFO:colcon.colcon_core.package_discovery:Crawling recursively for packages in '/home/srihari/mcav_autonomy_mock'
[0.104s] Level 1:colcon.colcon_core.package_identification:_identify(.) by extensions ['ignore', 'ignore_ament_install']
[0.104s] Level 1:colcon.colcon_core.package_identification:_identify(.) by extension 'ignore'
[0.104s] Level 1:colcon.colcon_core.package_identification:_identify(.) by extension 'ignore_ament_install'
[0.104s] Level 1:colcon.colcon_core.package_identification:_identify(.) by extensions ['colcon_pkg']
[0.104s] Level 1:colcon.colcon_core.package_identification:_identify(.) by extension 'colcon_pkg'
[0.104s] Level 1:colcon.colcon_core.package_identification:_identify(.) by extensions ['colcon_meta']
[0.104s] Level 1:colcon.colcon_core.package_identification:_identify(.) by extension 'colcon_meta'
[0.104s] Level 1:colcon.colcon_core.package_identification:_identify(.) by extensions ['ros']
[0.104s] Level 1:colcon.colcon_core.package_identification:_identify(.) by extension 'ros'
[0.111s] Level 1:colcon.colcon_core.package_identification:_identify(.) by extensions ['cmake', 'python']
[0.111s] Level 1:colcon.colcon_core.package_identification:_identify(.) by extension 'cmake'
[0.111s] Level 1:colcon.colcon_core.package_identification:_identify(.) by extension 'python'
[0.111s] Level 1:colcon.colcon_core.package_identification:_identify(.) by extensions ['python_setup_py']
[0.111s] Level 1:colcon.colcon_core.package_identification:_identify(.) by extension 'python_setup_py'
[0.111s] Level 1:colcon.colcon_core.package_identification:_identify(build) by extensions ['ignore', 'ignore_ament_install']
[0.111s] Level 1:colcon.colcon_core.package_identification:_identify(build) by extension 'ignore'
[0.111s] Level 1:colcon.colcon_core.package_identification:_identify(build) ignored
[0.111s] Level 1:colcon.colcon_core.package_identification:_identify(install) by extensions ['ignore', 'ignore_ament_install']
[0.111s] Level 1:colcon.colcon_core.package_identification:_identify(install) by extension 'ignore'
[0.111s] Level 1:colcon.colcon_core.package_identification:_identify(install) ignored
[0.111s] Level 1:colcon.colcon_core.package_identification:_identify(log) by extensions ['ignore', 'ignore_ament_install']
[0.111s] Level 1:colcon.colcon_core.package_identification:_identify(log) by extension 'ignore'
[0.111s] Level 1:colcon.colcon_core.package_identification:_identify(log) ignored
[0.111s] Level 1:colcon.colcon_core.package_identification:_identify(srihari_ws) by extensions ['ignore', 'ignore_ament_install']
[0.111s] Level 1:colcon.colcon_core.package_identification:_identify(srihari_ws) by extension 'ignore'
[0.111s] Level 1:colcon.colcon_core.package_identification:_identify(srihari_ws) by extension 'ignore_ament_install'
[0.111s] Level 1:colcon.colcon_core.package_identification:_identify(srihari_ws) by extensions ['colcon_pkg']
[0.111s] Level 1:colcon.colcon_core.package_identification:_identify(srihari_ws) by extension 'colcon_pkg'
[0.111s] Level 1:colcon.colcon_core.package_identification:_identify(srihari_ws) by extensions ['colcon_meta']
[0.111s] Level 1:colcon.colcon_core.package_identification:_identify(srihari_ws) by extension 'colcon_meta'
[0.111s] Level 1:colcon.colcon_core.package_identification:_identify(srihari_ws) by extensions ['ros']
[0.111s] Level 1:colcon.colcon_core.package_identification:_identify(srihari_ws) by extension 'ros'
[0.112s] Level 1:colcon.colcon_core.package_identification:_identify(srihari_ws) by extensions ['cmake', 'python']
[0.112s] Level 1:colcon.colcon_core.package_identification:_identify(srihari_ws) by extension 'cmake'
[0.112s] Level 1:colcon.colcon_core.package_identification:_identify(srihari_ws) by extension 'python'
[0.112s] Level 1:colcon.colcon_core.package_identification:_identify(srihari_ws) by extensions ['python_setup_py']
[0.112s] Level 1:colcon.colcon_core.package_identification:_identify(srihari_ws) by extension 'python_setup_py'
[0.112s] Level 1:colcon.colcon_core.package_identification:_identify(srihari_ws/src) by extensions ['ignore', 'ignore_ament_install']
[0.112s] Level 1:colcon.colcon_core.package_identification:_identify(srihari_ws/src) by extension 'ignore'
[0.112s] Level 1:colcon.colcon_core.package_identification:_identify(srihari_ws/src) by extension 'ignore_ament_install'
[0.112s] Level 1:colcon.colcon_core.package_identification:_identify(srihari_ws/src) by extensions ['colcon_pkg']
[0.112s] Level 1:colcon.colcon_core.package_identification:_identify(srihari_ws/src) by extension 'colcon_pkg'
[0.112s] Level 1:colcon.colcon_core.package_identification:_identify(srihari_ws/src) by extensions ['colcon_meta']
[0.112s] Level 1:colcon.colcon_core.package_identification:_identify(srihari_ws/src) by extension 'colcon_meta'
[0.112s] Level 1:colcon.colcon_core.package_identification:_identify(srihari_ws/src) by extensions ['ros']
[0.112s] Level 1:colcon.colcon_core.package_identification:_identify(srihari_ws/src) by extension 'ros'
[0.112s] Level 1:colcon.colcon_core.package_identification:_identify(srihari_ws/src) by extensions ['cmake', 'python']
[0.112s] Level 1:colcon.colcon_core.package_identification:_identify(srihari_ws/src) by extension 'cmake'
[0.112s] Level 1:colcon.colcon_core.package_identification:_identify(srihari_ws/src) by extension 'python'
[0.112s] Level 1:colcon.colcon_core.package_identification:_identify(srihari_ws/src) by extensions ['python_setup_py']
[0.112s] Level 1:colcon.colcon_core.package_identification:_identify(srihari_ws/src) by extension 'python_setup_py'
[0.112s] Level 1:colcon.colcon_core.package_identification:_identify(srihari_ws/src/ros2_tutorial) by extensions ['ignore', 'ignore_ament_install']
[0.112s] Level 1:colcon.colcon_core.package_identification:_identify(srihari_ws/src/ros2_tutorial) by extension 'ignore'
[0.112s] Level 1:colcon.colcon_core.package_identification:_identify(srihari_ws/src/ros2_tutorial) by extension 'ignore_ament_install'
[0.112s] Level 1:colcon.colcon_core.package_identification:_identify(srihari_ws/src/ros2_tutorial) by extensions ['colcon_pkg']
[0.112s] Level 1:colcon.colcon_core.package_identification:_identify(srihari_ws/src/ros2_tutorial) by extension 'colcon_pkg'
[0.112s] Level 1:colcon.colcon_core.package_identification:_identify(srihari_ws/src/ros2_tutorial) by extensions ['colcon_meta']
[0.112s] Level 1:colcon.colcon_core.package_identification:_identify(srihari_ws/src/ros2_tutorial) by extension 'colcon_meta'
[0.112s] Level 1:colcon.colcon_core.package_identification:_identify(srihari_ws/src/ros2_tutorial) by extensions ['ros']
[0.112s] Level 1:colcon.colcon_core.package_identification:_identify(srihari_ws/src/ros2_tutorial) by extension 'ros'
[0.114s] DEBUG:colcon.colcon_core.package_identification:Package 'srihari_ws/src/ros2_tutorial' with type 'ros.ament_python' and name 'ros2_tutorial'
[0.114s] Level 1:colcon.colcon_core.package_discovery:discover_packages(recursive) using defaults
[0.114s] Level 1:colcon.colcon_core.package_discovery:discover_packages(ignore) discover
[0.114s] Level 1:colcon.colcon_core.package_discovery:discover_packages(ignore) using defaults
[0.114s] Level 1:colcon.colcon_core.package_discovery:discover_packages(path) discover
[0.114s] Level 1:colcon.colcon_core.package_discovery:discover_packages(path) using defaults
[0.132s] Level 1:colcon.colcon_core.package_discovery:discover_packages(prefix_path) check parameters
[0.132s] Level 1:colcon.colcon_core.package_discovery:discover_packages(prefix_path) discover
[0.133s] DEBUG:colcon.colcon_installed_package_information.package_discovery:Found 270 installed packages in /opt/ros/foxy
[0.134s] Level 1:colcon.colcon_core.package_discovery:discover_packages(prefix_path) using defaults
[0.176s] Level 5:colcon.colcon_core.verb:set package 'ros2_tutorial' build argument 'cmake_args' from command line to 'None'
[0.176s] Level 5:colcon.colcon_core.verb:set package 'ros2_tutorial' build argument 'cmake_target' from command line to 'None'
[0.176s] Level 5:colcon.colcon_core.verb:set package 'ros2_tutorial' build argument 'cmake_target_skip_unavailable' from command line to 'False'
[0.176s] Level 5:colcon.colcon_core.verb:set package 'ros2_tutorial' build argument 'cmake_clean_cache' from command line to 'False'
[0.176s] Level 5:colcon.colcon_core.verb:set package 'ros2_tutorial' build argument 'cmake_clean_first' from command line to 'False'
[0.176s] Level 5:colcon.colcon_core.verb:set package 'ros2_tutorial' build argument 'cmake_force_configure' from command line to 'False'
[0.176s] Level 5:colcon.colcon_core.verb:set package 'ros2_tutorial' build argument 'ament_cmake_args' from command line to 'None'
[0.176s] Level 5:colcon.colcon_core.verb:set package 'ros2_tutorial' build argument 'catkin_cmake_args' from command line to 'None'
[0.176s] Level 5:colcon.colcon_core.verb:set package 'ros2_tutorial' build argument 'catkin_skip_building_tests' from command line to 'False'
[0.176s] DEBUG:colcon.colcon_core.verb:Building package 'ros2_tutorial' with the following arguments: {'ament_cmake_args': None, 'build_base': '/home/srihari/mcav_autonomy_mock/build/ros2_tutorial', 'catkin_cmake_args': None, 'catkin_skip_building_tests': False, 'cmake_args': None, 'cmake_clean_cache': False, 'cmake_clean_first': False, 'cmake_force_configure': False, 'cmake_target': None, 'cmake_target_skip_unavailable': False, 'install_base': '/home/srihari/mcav_autonomy_mock/install/ros2_tutorial', 'merge_install': False, 'path': '/home/srihari/mcav_autonomy_mock/srihari_ws/src/ros2_tutorial', 'symlink_install': False, 'test_result_base': None}
[0.177s] INFO:colcon.colcon_core.executor:Executing jobs using 'parallel' executor
[0.179s] DEBUG:colcon.colcon_parallel_executor.executor.parallel:run_until_complete
[0.179s] INFO:colcon.colcon_ros.task.ament_python.build:Building ROS package in '/home/srihari/mcav_autonomy_mock/srihari_ws/src/ros2_tutorial' with build type 'ament_python'
[0.179s] Level 1:colcon.colcon_core.shell:create_environment_hook('ros2_tutorial', 'ament_prefix_path')
[0.182s] INFO:colcon.colcon_core.plugin_system:Skipping extension 'colcon_core.shell.bat': Not used on non-Windows systems
[0.182s] INFO:colcon.colcon_core.shell:Creating environment hook '/home/srihari/mcav_autonomy_mock/install/ros2_tutorial/share/ros2_tutorial/hook/ament_prefix_path.ps1'
[0.182s] INFO:colcon.colcon_core.shell:Creating environment descriptor '/home/srihari/mcav_autonomy_mock/install/ros2_tutorial/share/ros2_tutorial/hook/ament_prefix_path.dsv'
[0.182s] INFO:colcon.colcon_core.shell:Creating environment hook '/home/srihari/mcav_autonomy_mock/install/ros2_tutorial/share/ros2_tutorial/hook/ament_prefix_path.sh'
[0.183s] INFO:colcon.colcon_core.shell:Skip shell extension 'powershell' for command environment: Not usable outside of PowerShell
[0.183s] DEBUG:colcon.colcon_core.shell:Skip shell extension 'dsv' for command environment
[0.316s] INFO:colcon.colcon_core.task.python.build:Building Python package in '/home/srihari/mcav_autonomy_mock/srihari_ws/src/ros2_tutorial'
[0.317s] INFO:colcon.colcon_core.shell:Skip shell extension 'powershell' for command environment: Not usable outside of PowerShell
[0.317s] DEBUG:colcon.colcon_core.shell:Skip shell extension 'dsv' for command environment
[0.569s] DEBUG:colcon.colcon_core.event_handler.log_command:Invoking command in '/home/srihari/mcav_autonomy_mock/srihari_ws/src/ros2_tutorial': PYTHONPATH=/home/srihari/mcav_autonomy_mock/build/ros2_tutorial/prefix_override:/home/srihari/mcav_autonomy_mock/install/ros2_tutorial/lib/python3.8/site-packages:${PYTHONPATH} /usr/bin/python3 setup.py egg_info --egg-base ../../../build/ros2_tutorial build --build-base /home/srihari/mcav_autonomy_mock/build/ros2_tutorial/build install --record /home/srihari/mcav_autonomy_mock/build/ros2_tutorial/install.log --install-scripts $base/lib/ros2_tutorial --single-version-externally-managed
[0.746s] DEBUG:colcon.colcon_core.event_handler.log_command:Invoked command in '/home/srihari/mcav_autonomy_mock/srihari_ws/src/ros2_tutorial' returned '0': PYTHONPATH=/home/srihari/mcav_autonomy_mock/build/ros2_tutorial/prefix_override:/home/srihari/mcav_autonomy_mock/install/ros2_tutorial/lib/python3.8/site-packages:${PYTHONPATH} /usr/bin/python3 setup.py egg_info --egg-base ../../../build/ros2_tutorial build --build-base /home/srihari/mcav_autonomy_mock/build/ros2_tutorial/build install --record /home/srihari/mcav_autonomy_mock/build/ros2_tutorial/install.log --install-scripts $base/lib/ros2_tutorial --single-version-externally-managed
[0.748s] Level 1:colcon.colcon_core.environment:checking '/home/srihari/mcav_autonomy_mock/install/ros2_tutorial' for CMake module files
[0.748s] Level 1:colcon.colcon_core.environment:checking '/home/srihari/mcav_autonomy_mock/install/ros2_tutorial' for CMake config files
[0.749s] Level 1:colcon.colcon_core.environment:checking '/home/srihari/mcav_autonomy_mock/install/ros2_tutorial/lib'
[0.749s] Level 1:colcon.colcon_core.environment:checking '/home/srihari/mcav_autonomy_mock/install/ros2_tutorial/bin'
[0.749s] Level 1:colcon.colcon_core.environment:checking '/home/srihari/mcav_autonomy_mock/install/ros2_tutorial/lib/pkgconfig/ros2_tutorial.pc'
[0.749s] Level 1:colcon.colcon_core.environment:checking '/home/srihari/mcav_autonomy_mock/install/ros2_tutorial/lib/python3.8/site-packages'
[0.749s] Level 1:colcon.colcon_core.shell:create_environment_hook('ros2_tutorial', 'pythonpath')
[0.750s] INFO:colcon.colcon_core.shell:Creating environment hook '/home/srihari/mcav_autonomy_mock/install/ros2_tutorial/share/ros2_tutorial/hook/pythonpath.ps1'
[0.750s] INFO:colcon.colcon_core.shell:Creating environment descriptor '/home/srihari/mcav_autonomy_mock/install/ros2_tutorial/share/ros2_tutorial/hook/pythonpath.dsv'
[0.750s] INFO:colcon.colcon_core.shell:Creating environment hook '/home/srihari/mcav_autonomy_mock/install/ros2_tutorial/share/ros2_tutorial/hook/pythonpath.sh'
[0.750s] Level 1:colcon.colcon_core.environment:checking '/home/srihari/mcav_autonomy_mock/install/ros2_tutorial/bin'
[0.750s] Level 1:colcon.colcon_core.environment:create_environment_scripts_only(ros2_tutorial)
[0.751s] INFO:colcon.colcon_core.shell:Creating package script '/home/srihari/mcav_autonomy_mock/install/ros2_tutorial/share/ros2_tutorial/package.ps1'
[0.752s] INFO:colcon.colcon_core.shell:Creating package descriptor '/home/srihari/mcav_autonomy_mock/install/ros2_tutorial/share/ros2_tutorial/package.dsv'
[0.752s] INFO:colcon.colcon_core.shell:Creating package script '/home/srihari/mcav_autonomy_mock/install/ros2_tutorial/share/ros2_tutorial/package.sh'
[0.752s] INFO:colcon.colcon_core.shell:Creating package script '/home/srihari/mcav_autonomy_mock/install/ros2_tutorial/share/ros2_tutorial/package.bash'
[0.753s] INFO:colcon.colcon_core.shell:Creating package script '/home/srihari/mcav_autonomy_mock/install/ros2_tutorial/share/ros2_tutorial/package.zsh'
[0.753s] Level 1:colcon.colcon_core.environment:create_file_with_runtime_dependencies(/home/srihari/mcav_autonomy_mock/install/ros2_tutorial/share/colcon-core/packages/ros2_tutorial)
[0.753s] DEBUG:colcon.colcon_parallel_executor.executor.parallel:closing loop
[0.753s] DEBUG:colcon.colcon_parallel_executor.executor.parallel:loop closed
[0.753s] DEBUG:colcon.colcon_parallel_executor.executor.parallel:run_until_complete finished with '0'
[0.753s] DEBUG:colcon.colcon_core.event_reactor:joining thread
[0.756s] INFO:colcon.colcon_core.plugin_system:Skipping extension 'colcon_notification.desktop_notification.terminal_notifier': Not used on non-Darwin systems
[0.756s] INFO:colcon.colcon_core.plugin_system:Skipping extension 'colcon_notification.desktop_notification.win32': Not used on non-Windows systems
[0.756s] INFO:colcon.colcon_notification.desktop_notification:Sending desktop notification using 'notify2'
[0.767s] DEBUG:colcon.colcon_core.event_reactor:joined thread
[0.769s] INFO:colcon.colcon_core.shell:Creating prefix script '/home/srihari/mcav_autonomy_mock/install/local_setup.ps1'
[0.770s] INFO:colcon.colcon_core.shell:Creating prefix util module '/home/srihari/mcav_autonomy_mock/install/_local_setup_util_ps1.py'
[0.771s] INFO:colcon.colcon_core.shell:Creating prefix chain script '/home/srihari/mcav_autonomy_mock/install/setup.ps1'
[0.772s] INFO:colcon.colcon_core.shell:Creating prefix script '/home/srihari/mcav_autonomy_mock/install/local_setup.sh'
[0.773s] INFO:colcon.colcon_core.shell:Creating prefix util module '/home/srihari/mcav_autonomy_mock/install/_local_setup_util_sh.py'
[0.773s] INFO:colcon.colcon_core.shell:Creating prefix chain script '/home/srihari/mcav_autonomy_mock/install/setup.sh'
[0.774s] INFO:colcon.colcon_core.shell:Creating prefix script '/home/srihari/mcav_autonomy_mock/install/local_setup.bash'
[0.774s] INFO:colcon.colcon_core.shell:Creating prefix chain script '/home/srihari/mcav_autonomy_mock/install/setup.bash'
[0.775s] INFO:colcon.colcon_core.shell:Creating prefix script '/home/srihari/mcav_autonomy_mock/install/local_setup.zsh'
[0.775s] INFO:colcon.colcon_core.shell:Creating prefix chain script '/home/srihari/mcav_autonomy_mock/install/setup.zsh'
